<?xml version="1.0" encoding="UTF-8"?>
<!-- Generated by org.testng.reporters.JUnitXMLReporter -->
<testsuite ignored="14" hostname="DESKTOP-H71R6L1" failures="2" tests="2" name="OrangeHRM_Tests_Execution" time="44.538" errors="0" timestamp="2023-11-30T13:57:28 EST">
  <testcase classname="com.HRM.testcases.LoginInvalidCred" name="InvalidData" time="39.108">
    <failure type="java.lang.AssertionError" message="expected [true] but found [false]">
      <![CDATA[java.lang.AssertionError: expected [true] but found [false]
at com.HRM.testcases.LoginInvalidCred.InvalidData(LoginInvalidCred.java:49)
at java.base/java.util.ArrayList.forEach(ArrayList.java:1511)
... Removed 35 stack frames]]>
    </failure>
  </testcase> <!-- InvalidData -->
  <testcase classname="com.HRM.testcases.LoginInvalidCred" name="InvalidData" time="44.476">
    <failure type="java.lang.ClassCastException" message="class java.lang.ThreadLocal cannot be cast to class org.openqa.selenium.TakesScreenshot (java.lang.ThreadLocal is in module java.base of loader &amp;apos;bootstrap&amp;apos;; org.openqa.selenium.TakesScreenshot is in unnamed module of loader &amp;apos;app&amp;apos;)">
      <![CDATA[java.lang.ClassCastException: class java.lang.ThreadLocal cannot be cast to class org.openqa.selenium.TakesScreenshot (java.lang.ThreadLocal is in module java.base of loader 'bootstrap'; org.openqa.selenium.TakesScreenshot is in unnamed module of loader 'app')
at com.HRM.Utility.TestUtils.getScreenShot(TestUtils.java:18)
at com.HRM.listeners.MyListeners.onTestFailure(MyListeners.java:33)
at java.base/java.util.ArrayList.forEach(ArrayList.java:1511)
... Removed 28 stack frames]]>
    </failure>
  </testcase> <!-- InvalidData -->
  <testcase classname="com.HRM.Base.BaseClass" name="@BeforeTest loadConfig" time="0.0">
    <ignored/>
  </testcase> <!-- @BeforeTest loadConfig -->
  <testcase classname="com.HRM.Base.BaseClass" name="@BeforeTest loadConfig" time="0.0">
    <ignored/>
  </testcase> <!-- @BeforeTest loadConfig -->
  <testcase classname="com.HRM.testcases.OrangeHRMEmpDetailsTest" name="LoginTestData" time="0.0">
    <ignored/>
  </testcase> <!-- LoginTestData -->
  <testcase classname="com.HRM.Base.BaseClass" name="@BeforeTest loadConfig" time="0.0">
    <ignored/>
  </testcase> <!-- @BeforeTest loadConfig -->
  <testcase classname="com.HRM.Base.BaseClass" name="@BeforeTest loadConfig" time="0.0">
    <ignored/>
  </testcase> <!-- @BeforeTest loadConfig -->
  <testcase classname="com.HRM.testcases.HRMExistingEmployeeDetailsTest" name="LoginTestData" time="0.0">
    <ignored/>
  </testcase> <!-- LoginTestData -->
  <testcase classname="com.HRM.testcases.HRMSalaryDetailsTest" name="LoginTestData" time="0.0">
    <ignored/>
  </testcase> <!-- LoginTestData -->
  <testcase classname="com.HRM.Base.BaseClass" name="@BeforeTest loadConfig" time="0.0">
    <ignored/>
  </testcase> <!-- @BeforeTest loadConfig -->
  <testcase classname="com.HRM.testcases.HRMAddNewUserTest" name="LoginTestData" time="0.0">
    <ignored/>
  </testcase> <!-- LoginTestData -->
  <testcase classname="com.HRM.testcases.HRMEmployeeEditDetailsTest" name="LoginTestData" time="0.0">
    <ignored/>
  </testcase> <!-- LoginTestData -->
  <testcase classname="com.HRM.testcases.HRMJobHistoryTest" name="LoginTestData" time="0.0">
    <ignored/>
  </testcase> <!-- LoginTestData -->
  <testcase classname="com.HRM.Base.BaseClass" name="@BeforeTest loadConfig" time="0.0">
    <ignored/>
  </testcase> <!-- @BeforeTest loadConfig -->
  <testcase classname="com.HRM.testcases.HRMValidLoginTest" name="LoginTestData" time="0.0">
    <ignored/>
  </testcase> <!-- LoginTestData -->
  <testcase classname="com.HRM.Base.BaseClass" name="@BeforeTest loadConfig" time="0.0">
    <ignored/>
  </testcase> <!-- @BeforeTest loadConfig -->
</testsuite> <!-- OrangeHRM_Tests_Execution -->
